<?xml version="1.0" encoding="UTF-8"?>
<!-- Generated by org.testng.reporters.JUnitReportReporter -->
<testsuite hostname="LAPTOP-9657AS0N" name="bydbom.test.ApproveChangeOrder" tests="1" failures="0" timestamp="19 Jan 2019 09:06:55 GMT" time="58.812" errors="0">
  <testcase name="ApproveCO" time="58.812" classname="bydbom.test.ApproveChangeOrder"/>
</testsuite> <!-- bydbom.test.ApproveChangeOrder -->
