<?xml version="1.0" encoding="UTF-8"?>
<!-- Generated by org.testng.reporters.JUnitReportReporter -->
<testsuite hostname="LAPTOP-9657AS0N" name="bydbom.test.VPPDManagement" tests="1" failures="0" timestamp="24 Aug 2018 08:06:05 GMT" time="42.786" errors="0">
  <testcase name="f" time="42.786" classname="bydbom.test.VPPDManagement"/>
</testsuite> <!-- bydbom.test.VPPDManagement -->
