<?xml version="1.0" encoding="UTF-8"?>
<!-- Generated by org.testng.reporters.JUnitReportReporter -->
<testsuite hostname="LAPTOP-9657AS0N" name="bydbom.test.VPPDManagement" tests="1" failures="0" timestamp="19 Jan 2019 09:03:41 GMT" time="62.773" errors="0">
  <testcase name="AddVPPD" time="62.773" classname="bydbom.test.VPPDManagement"/>
</testsuite> <!-- bydbom.test.VPPDManagement -->
