<?xml version="1.0" encoding="UTF-8"?>
<!-- Generated by org.testng.reporters.JUnitReportReporter -->
<testsuite hostname="LAPTOP-9657AS0N" name="bydbom.test.ProductSpectrum" tests="1" failures="0" timestamp="24 Aug 2018 02:30:58 GMT" time="84.741" errors="0">
  <testcase name="ProductSpectrumManagement" time="84.741" classname="bydbom.test.ProductSpectrum"/>
</testsuite> <!-- bydbom.test.ProductSpectrum -->
