<?xml version="1.0" encoding="UTF-8"?>
<!-- Generated by org.testng.reporters.JUnitReportReporter -->
<testsuite hostname="LAPTOP-9657AS0N" name="bydbom.test.VCOPublishVPPD" tests="1" failures="0" timestamp="30 Aug 2018 09:48:06 GMT" time="34.906" errors="0">
  <testcase name="f" time="34.906" classname="bydbom.test.VCOPublishVPPD"/>
</testsuite> <!-- bydbom.test.VCOPublishVPPD -->
