<?xml version="1.0" encoding="UTF-8"?>
<!-- Generated by org.testng.reporters.JUnitReportReporter -->
<testsuite hostname="LAPTOP-9657AS0N" name="bydbom.test.EBOMManagement" tests="1" failures="0" timestamp="19 Jan 2019 06:45:24 GMT" time="80.390" errors="0">
  <testcase name="EBOMAddPart" time="80.390" classname="bydbom.test.EBOMManagement"/>
</testsuite> <!-- bydbom.test.EBOMManagement -->
