<?xml version="1.0" encoding="UTF-8"?>
<!-- Generated by org.testng.reporters.JUnitReportReporter -->
<testsuite hostname="LAPTOP-9657AS0N" name="bydbom.test.ProductSpectrum" tests="1" failures="0" timestamp="18 Nov 2018 12:30:07 GMT" time="116.946" errors="0">
  <testcase name="ProductSpectrumManagement" time="116.946" classname="bydbom.test.ProductSpectrum"/>
</testsuite> <!-- bydbom.test.ProductSpectrum -->
