<?xml version="1.0" encoding="UTF-8"?>
<!-- Generated by org.testng.reporters.JUnitReportReporter -->
<testsuite hostname="LAPTOP-9657AS0N" name="bydbom.test.EBOMManagement" tests="1" failures="0" timestamp="27 Dec 2018 01:42:43 GMT" time="75.366" errors="0">
  <testcase name="EBOMAddPart" time="75.366" classname="bydbom.test.EBOMManagement"/>
</testsuite> <!-- bydbom.test.EBOMManagement -->
