<?xml version="1.0" encoding="UTF-8"?>
<!-- Generated by org.testng.reporters.JUnitReportReporter -->
<testsuite hostname="LAPTOP-9657AS0N" name="bydbom.test.ProductSpectrum" tests="1" failures="0" timestamp="19 Jan 2019 05:56:48 GMT" time="108.692" errors="0">
  <testcase name="ProductSpectrumManagement" time="108.692" classname="bydbom.test.ProductSpectrum"/>
</testsuite> <!-- bydbom.test.ProductSpectrum -->
