<?xml version="1.0" encoding="UTF-8"?>
<!-- Generated by org.testng.reporters.JUnitReportReporter -->
<testsuite hostname="LAPTOP-9657AS0N" name="bydbom.test.VPPDManagement" tests="1" failures="0" timestamp="21 Nov 2018 07:53:48 GMT" time="67.270" errors="0">
  <testcase name="f" time="67.270" classname="bydbom.test.VPPDManagement"/>
</testsuite> <!-- bydbom.test.VPPDManagement -->
