<?xml version="1.0" encoding="UTF-8"?>
<!-- Generated by org.testng.reporters.JUnitReportReporter -->
<testsuite hostname="LAPTOP-9657AS0N" name="bydbom.test.ApproveChangeOrder" tests="1" failures="0" timestamp="25 Dec 2018 07:04:24 GMT" time="61.013" errors="0">
  <testcase name="ApproveCO" time="61.013" classname="bydbom.test.ApproveChangeOrder"/>
</testsuite> <!-- bydbom.test.ApproveChangeOrder -->
