<?xml version="1.0" encoding="UTF-8"?>
<!-- Generated by org.testng.reporters.JUnitReportReporter -->
<testsuite hostname="LAPTOP-9657AS0N" name="com.selenium.test.BOM" tests="1" failures="0" timestamp="10 Jul 2018 07:05:54 GMT" time="41.766" errors="0">
  <testcase name="f" time="41.766" classname="com.selenium.test.BOM"/>
</testsuite> <!-- com.selenium.test.BOM -->
