<?xml version="1.0" encoding="UTF-8"?>
<!-- Generated by org.testng.reporters.JUnitReportReporter -->
<testsuite hostname="LAPTOP-9657AS0N" name="bydbom.test.CheckApprovalProcess" tests="1" failures="0" timestamp="4 Oct 2018 10:39:26 GMT" time="0.219" errors="0">
  <testcase name="checkApprovalProcess" time="0.219" classname="bydbom.test.CheckApprovalProcess"/>
</testsuite> <!-- bydbom.test.CheckApprovalProcess -->
