<?xml version="1.0" encoding="UTF-8"?>
<!-- Generated by org.testng.reporters.JUnitReportReporter -->
<testsuite hostname="LAPTOP-9657AS0N" name="bydbom.test.VCOPublishVPPD" tests="1" failures="0" timestamp="19 Jan 2019 09:05:45 GMT" time="69.063" errors="0">
  <testcase name="SubmitVCO" time="69.063" classname="bydbom.test.VCOPublishVPPD"/>
</testsuite> <!-- bydbom.test.VCOPublishVPPD -->
