<?xml version="1.0" encoding="UTF-8"?>
<!-- Generated by org.testng.reporters.JUnitReportReporter -->
<testsuite hostname="LAPTOP-9657AS0N" name="bydbom.test.VCOPublishVPPD" tests="1" failures="0" timestamp="17 Nov 2018 11:15:55 GMT" time="50.397" errors="0">
  <testcase name="f" time="50.397" classname="bydbom.test.VCOPublishVPPD"/>
</testsuite> <!-- bydbom.test.VCOPublishVPPD -->
