<?xml version="1.0" encoding="UTF-8"?>
<!-- Generated by org.testng.reporters.JUnitReportReporter -->
<testsuite hostname="LAPTOP-9657AS0N" name="com.selenium.test.BOM" tests="1" failures="0" timestamp="15 Aug 2018 09:50:31 GMT" time="33.937" errors="0">
  <testcase name="f" time="33.937" classname="com.selenium.test.BOM"/>
</testsuite> <!-- com.selenium.test.BOM -->
